<?xml version="1.0" encoding="UTF-8"?>
<testng-results ignored="0" total="2" passed="2" failed="0" skipped="0">
  <reporter-output>
  </reporter-output>
  <suite started-at="2023-12-03T19:23:41 IST" name="Default suite" finished-at="2023-12-03T19:23:49 IST" duration-ms="7010">
    <groups>
    </groups>
    <test started-at="2023-12-03T19:23:41 IST" name="Default test" finished-at="2023-12-03T19:23:49 IST" duration-ms="7010">
      <class name="testng.TestNG1">
        <test-method signature="testCase1()[pri:0, instance:testng.TestNG1@5a021cb9]" started-at="2023-12-03T19:23:42 IST" name="testCase1" finished-at="2023-12-03T19:23:46 IST" duration-ms="4035" status="PASS">
          <reporter-output>
          </reporter-output>
        </test-method> <!-- testCase1 -->
        <test-method signature="testCase2()[pri:0, instance:testng.TestNG1@5a021cb9]" started-at="2023-12-03T19:23:46 IST" name="testCase2" finished-at="2023-12-03T19:23:49 IST" duration-ms="2940" status="PASS">
          <reporter-output>
          </reporter-output>
        </test-method> <!-- testCase2 -->
      </class> <!-- testng.TestNG1 -->
    </test> <!-- Default test -->
  </suite> <!-- Default suite -->
</testng-results>
